[0/1] Planning build
Building for production...
[0/617] Compiling CAsyncHTTPClient CAsyncHTTPClient.c
[1/617] Compiling a_i2d_fp.cc
[2/617] Compiling a_octet.cc
[3/617] Compiling a_dup.cc
[4/617] Compiling a_d2i_fp.cc
[5/617] Compiling _SwiftSyntaxCShims dummy.c
[6/617] Write sources
[10/617] Compiling _NumericsShims _NumericsShims.c
[11/617] Compiling a_bitstr.cc
[12/617] Compiling _AtomicsShims.c
[13/617] Compiling version.cpp
[14/617] Compiling a_utctm.cc
[15/617] Compiling a_bool.cc
[16/617] Compiling a_type.cc
[17/617] Compiling a_strnid.cc
[18/617] Compiling a_time.cc
[19/617] Compiling a_mbstr.cc
[20/617] Compiling a_object.cc
[21/617] Compiling asn1_lib.cc
[22/617] Write swift-version--1AB21518FC5DEDBE.txt
[23/617] Compiling a_strex.cc
[24/617] Compiling a_int.cc
[25/619] Compiling c-nioatomics.c
[27/620] Compiling SwiftSyntax600 Empty.swift
[27/620] Compiling c-atomics.c
[29/621] Compiling SwiftSyntax510 Empty.swift
[30/622] Compiling _NIOBase64 Base64.swift
[31/622] Compiling SwiftSyntax509 Empty.swift
[31/625] Compiling no_gguf.cpp
[33/625] Compiling _NIODataStructures Heap.swift
[33/627] Compiling utils.cpp
[35/627] Compiling ServiceContextModule ServiceContext.swift
[35/627] Compiling scheduler.cpp
[37/629] Compiling RealModule AlgebraicField.swift
[37/630] Compiling CmlxGraphShim CmlxGraphShim.cpp
[38/632] Compiling graph_utils.cpp
[40/632] Compiling Instrumentation Instrument.swift
[40/633] Compiling fft.cpp
[42/634] Compiling ComplexModule Complex+AdditiveArithmetic.swift
[43/634] Compiling Crypto AES-GCM.swift
[44/634] Compiling NIOConcurrencyHelpers NIOAtomic.swift
[44/635] Compiling load.cpp
[46/635] Compiling Numerics Numerics.swift
[47/635] Compiling InternalCollectionsUtilities Debugging.swift
[47/635] Compiling random.cpp
[48/636] Compiling linalg.cpp
[49/636] Compiling dtype.cpp
[50/637] Compiling dtype_utils.cpp
[52/637] Compiling ContainersPreview OutputSpan+Extras.swift
[53/637] Compiling Tracing InstrumentationSystem+Tracing.swift
[53/637] Compiling utils.cpp
[55/638] Compiling Logging Locks.swift
[55/638] Compiling no_ring.cpp
[56/638] Compiling no_nccl.cpp
[57/638] Compiling primitives.cpp
[58/638] Compiling no_mpi.cpp
[60/638] Compiling Atomics OptionalRawRepresentable.swift
[60/638] Compiling no_jaccl.cpp
[61/638] Compiling ops.cpp
[62/638] Compiling device.cpp
[63/638] Compiling transforms.cpp
[64/638] Compiling distributed.cpp
[66/638] Compiling Algorithms AdjacentPairs.swift
[66/638] Compiling yyjson.c
[67/638] Compiling fast.cpp
[69/638] Compiling OrderedCollections _HashTable+Bucket.swift
[69/638] Compiling einsum.cpp
[70/639] Compiling utils.cpp
[72/639] Compiling DequeModule Deque+Codable.swift
[72/639] Compiling unary.cpp
[73/639] Compiling ternary.cpp
[74/639] Compiling softmax.cpp
[75/639] Compiling scan.cpp
[76/639] Compiling resident.cpp
[77/639] Compiling slicing.cpp
[78/639] Compiling sort.cpp
[79/639] Compiling rope.cpp
[80/639] Compiling safetensors.cpp
[81/639] Compiling scaled_dot_product_attention.cpp
[82/639] Compiling metal.cpp
[83/639] Compiling primitives.cpp
[84/639] Compiling compile.cpp
[85/639] Compiling reduce.cpp
[86/639] Compiling logsumexp.cpp
[87/639] Compiling normalization.cpp
[88/639] Compiling primitives.cpp
[89/639] Compiling hadamard.cpp
[90/639] Compiling fence.cpp
[91/639] Compiling quantized.cpp
[92/639] Compiling event.cpp
[93/639] Compiling indexing.cpp
[94/639] Compiling device_info.cpp
[95/639] Compiling distributed.cpp
[96/639] Compiling eval.cpp
[97/639] Compiling slicing.cpp
[98/639] Compiling copy.cpp
[99/639] Compiling threefry.cpp
[100/639] Compiling copy.cpp
[101/639] Compiling primitives.cpp
[102/639] Compiling jit_kernels.cpp
[103/639] Compiling no_cuda.cpp
[104/639] Compiling matmul.cpp
[105/639] Compiling allocator.cpp
[106/639] Compiling binary.cpp
[107/639] Compiling compiled.cpp
[108/639] Compiling conv.cpp
[109/639] Compiling ops.cpp
[110/639] Compiling device.cpp
[111/639] Compiling custom_kernel.cpp
[112/639] Compiling softmax.cpp
[113/639] Compiling svd.cpp
[114/639] Compiling qrf.cpp
[115/639] Compiling select.cpp
[116/639] Compiling jit_compiler.cpp
[117/639] Compiling luf.cpp
[118/639] Compiling primitives.cpp
[119/639] Compiling fft.cpp
[120/639] Compiling export.cpp
[121/639] Compiling logsumexp.cpp
[122/639] Compiling masked_mm.cpp
[123/639] Compiling hadamard.cpp
[124/639] Compiling encoder.cpp
[125/639] Compiling matmul.cpp
[126/639] Compiling inverse.cpp
[127/639] Compiling cblas.cpp
[128/639] Compiling bnns.cpp
[129/639] Compiling eval.cpp
[130/639] Compiling device_info.cpp
[131/639] Compiling distributed.cpp
[132/639] Compiling utils.cpp
[133/639] Compiling eigh.cpp
[134/639] Compiling eig.cpp
[135/639] Compiling slicing.cpp
[136/639] Compiling cholesky.cpp
[137/639] Compiling quantized.cpp
[138/639] Compiling reduce.cpp
[139/639] Compiling utils.cpp
[140/639] Compiling unary_ops.cpp
[141/639] Compiling unary.cpp
[142/639] Compiling ternary_ops.cpp
[143/639] Compiling load.cpp
[144/639] Compiling unary.cpp
[145/639] Compiling ternary.cpp
[146/639] Compiling steel_gemm_splitk_nax.cpp
[146/639] Compiling steel_gemm_splitk.cpp
[148/639] Compiling broadcasting.cpp
[149/639] Compiling arg_reduce.cpp
[150/639] Compiling steel_gemm_masked.cpp
[151/639] Compiling steel_gemm_segmented.cpp
[152/639] Compiling steel_gemm_gather_nax.cpp
[153/639] Compiling steel_gemm_gather.cpp
[154/639] Compiling steel_gemm_fused_nax.cpp
[155/639] Compiling steel_gemm_fused.cpp
[156/639] Compiling steel_conv_general.cpp
[157/639] Compiling steel_conv_3d.cpp
[158/639] Compiling steel_conv.cpp
[159/639] Compiling steel_attention_nax.cpp
[160/639] Compiling steel_attention.cpp
[161/639] Compiling sort.cpp
[162/639] Compiling softmax.cpp
[163/639] Compiling scatter_axis.cpp
[164/639] Compiling scatter.cpp
[165/639] Compiling reduce_utils.cpp
[166/639] Compiling scan.cpp
[167/639] Compiling reduce.cpp
[168/639] Compiling quantized_utils.cpp
[169/639] Compiling quantized_nax.cpp
[170/639] Compiling masked_scatter.cpp
[171/639] Compiling quantized.cpp
[172/639] Compiling logsumexp.cpp
[173/639] Compiling hadamard.cpp
[174/639] Compiling gemm_nax.cpp
[175/639] Compiling gemv_masked.cpp
[176/639] Compiling gemm.cpp
[177/639] Compiling gather_axis.cpp
[178/639] Compiling gather_front.cpp
[179/639] Compiling gather.cpp
[180/639] Compiling fp_quantized_nax.cpp
[181/639] Compiling fft.cpp
[182/639] Compiling fp_quantized.cpp
[183/639] Compiling copy.cpp
[184/639] Compiling conv.cpp
[185/639] Compiling compiled_preamble.cpp
[186/639] Compiling binary_ops.cpp
[187/639] Compiling binary_two.cpp
[188/639] Compiling binary.cpp
[189/639] Compiling compiled.cpp
[190/639] Compiling arange.cpp
[191/639] Compiling common.cpp
[192/639] Compiling stream_run_with.cpp
[193/639] Compiling fft.cpp
[194/639] Compiling version.cpp
[195/639] Compiling string.cpp
[196/639] Compiling transforms_impl.cpp
[197/639] Compiling transforms.cpp
[198/639] Compiling stream.cpp
[199/639] Compiling array.cpp
[200/639] Compiling vector.cpp
[201/639] Compiling conv.cpp
[202/639] Compiling scan.cpp
[203/639] Compiling reduce.cpp
[204/639] Compiling compiled_conditional.cpp
[205/639] Compiling metal.cpp
[206/639] Compiling memory.cpp
[207/639] Compiling random.cpp
[208/639] Compiling io_types.cpp
[209/639] Compiling sort.cpp
[210/639] Compiling error.cpp
[211/639] Compiling linalg.cpp
[212/639] Compiling map.cpp
[213/639] Compiling CSystem shims.c
[214/639] Compiling Cmlx.m
[215/639] Compiling CNIOWindows shim.c
[216/639] Compiling CNIOWindows WSAStartup.c
[217/639] Compiling CNIOWASI CNIOWASI.c
[218/640] Compiling CNIOPosix event_loop_id.c
[219/640] Compiling CNIOOpenBSD shim.c
[220/640] Compiling fft.cpp
[221/640] Compiling CNIOLinux shim.c
[222/640] Compiling CNIOLinux liburing_shims.c
[223/640] Compiling CNIOLLHTTP c_nio_http.c
[224/640] Compiling io.cpp
[225/640] Compiling CNIOLLHTTP c_nio_api.c
[226/640] Compiling export.cpp
[227/640] Compiling CNIOExtrasZlib inftrees.c
[228/640] Compiling CNIOExtrasZlib trees.c
[229/640] Compiling CNIOExtrasZlib zutil.c
[230/640] Compiling CNIOExtrasZlib inffast.c
[231/640] Compiling cuda.cpp
[232/640] Compiling fast.cpp
[233/640] Compiling CNIOExtrasZlib crc32.c
[234/640] Compiling CNIOExtrasZlib inflate.c
[235/640] Compiling CNIOExtrasZlib adler32.c
[236/640] Compiling CNIOLLHTTP c_nio_llhttp.c
[237/640] Compiling CNIOBoringSSLShims shims.c
[238/640] Compiling fiat_p256_adx_sqr.S
[239/640] Compiling fiat_p256_adx_mul.S
[240/640] Compiling CNIODarwin shim.c
[241/640] Compiling fiat_curve25519_adx_square.S
[242/640] Compiling fiat_curve25519_adx_mul.S
[243/640] Compiling CNIOExtrasZlib deflate.c
[244/641] Compiling compile.cpp
[245/641] Compiling ops.cpp
[246/641] Compiling device.cpp
[247/641] Compiling tls_method.cc
[248/641] Compiling tls_record.cc
[249/641] Compiling tls13_enc.cc
[250/641] Compiling t1_enc.cc
[251/641] Compiling tls13_server.cc
[252/641] Compiling tls13_both.cc
[253/641] Compiling tls13_client.cc
[254/641] Compiling ssl_x509.cc
[255/641] Compiling ssl_versions.cc
[256/641] Compiling closure.cpp
[257/641] Compiling ssl_transcript.cc
[259/641] Compiling VMLXJinja AST.swift
[259/641] Compiling ssl_stat.cc
[260/641] Compiling ssl_key_share.cc
[261/641] Compiling format.cc
[262/641] Compiling ssl_session.cc
[263/641] Compiling ssl_privkey.cc
[264/641] Compiling ssl_file.cc
[265/641] Compiling ssl_buffer.cc
[266/641] Compiling ssl_credential.cc
[267/641] Compiling ssl_cert.cc
[268/641] Compiling ssl_asn1.cc
[269/641] Compiling ssl_cipher.cc
[270/641] Compiling ssl_lib.cc
[271/641] Compiling s3_pkt.cc
[271/641] Compiling ssl_aead_ctx.cc
[273/641] Compiling s3_lib.cc
[274/641] Compiling s3_both.cc
[275/641] Compiling handshake.cc
[276/641] Compiling d1_srtp.cc
[277/641] Compiling handshake_server.cc
[278/641] Compiling dtls_method.cc
[279/641] Compiling handoff.cc
[280/641] Compiling md5-x86_64-linux.S
[281/641] Compiling dtls_record.cc
[282/641] Compiling md5-x86_64-apple.S
[283/641] Compiling md5-586-linux.S
[284/641] Compiling md5-586-apple.S
[285/641] Compiling handshake_client.cc
[286/641] Compiling chacha20_poly1305_x86_64-linux.S
[287/641] Compiling chacha20_poly1305_x86_64-apple.S
[288/641] Compiling chacha20_poly1305_armv8-win.S
[289/641] Compiling encrypted_client_hello.cc
[290/641] Compiling d1_pkt.cc
[291/641] Compiling chacha20_poly1305_armv8-linux.S
[292/641] Compiling chacha-x86_64-linux.S
[293/641] Compiling chacha20_poly1305_armv8-apple.S
[294/641] Compiling chacha-x86_64-apple.S
[295/641] Compiling chacha-x86-linux.S
[296/641] Compiling chacha-armv8-win.S
[296/641] Compiling chacha-x86-apple.S
[298/641] Compiling chacha-armv8-linux.S
[299/641] Compiling chacha-armv4-linux.S
[300/641] Compiling x86_64-mont5-linux.S
[300/641] Compiling aes128gcmsiv-x86_64-apple.S
[302/641] Compiling array.cpp
[302/641] Compiling aes128gcmsiv-x86_64-linux.S
[304/641] Compiling chacha-armv8-apple.S
[305/641] Compiling x86_64-mont5-apple.S
[306/641] Compiling d1_lib.cc
[307/641] Compiling x86_64-mont-linux.S
[308/641] Compiling x86_64-mont-apple.S
[309/641] Compiling x86-mont-apple.S
[310/641] Compiling vpaes-x86_64-linux.S
[311/641] Compiling x86-mont-linux.S
[312/641] Compiling vpaes-x86_64-apple.S
[313/641] Compiling vpaes-x86-linux.S
[313/641] Compiling vpaes-armv8-win.S
[315/641] Compiling vpaes-x86-apple.S
[316/641] Compiling sha512-x86_64-linux.S
[317/641] Compiling vpaes-armv7-linux.S
[318/641] Compiling vpaes-armv8-linux.S
[319/641] Compiling vpaes-armv8-apple.S
[320/641] Compiling err_data.cc
[321/641] Compiling sha512-x86_64-apple.S
[322/641] Compiling sha512-armv8-linux.S
[322/641] Compiling sha512-armv8-win.S
[324/641] Compiling sha512-armv4-linux.S
[325/641] Compiling sha512-586-linux.S
[326/641] Compiling sha512-armv8-apple.S
[327/641] Compiling sha512-586-apple.S
[327/641] Compiling sha256-armv8-win.S
[329/641] Compiling sha256-x86_64-apple.S
[329/641] Compiling sha256-x86_64-linux.S
[331/641] Compiling sha256-armv8-linux.S
[332/641] Compiling sha256-armv4-linux.S
[333/641] Compiling sha256-armv8-apple.S
[334/641] Compiling sha1-armv8-win.S
[334/641] Compiling sha1-x86_64-apple.S
[334/641] Compiling sha1-x86_64-linux.S
[334/641] Compiling sha256-586-apple.S
[335/641] Compiling sha256-586-linux.S
[339/641] Compiling sha1-armv8-linux.S
[340/641] Compiling sha1-armv4-large-linux.S
[341/641] Compiling sha1-armv8-apple.S
[342/641] Compiling bio_ssl.cc
[343/641] Compiling rdrand-x86_64-apple.S
[344/641] Compiling rdrand-x86_64-linux.S
[344/641] Compiling sha1-586-apple.S
[344/641] Compiling rsaz-avx2-apple.S
[347/641] Compiling rsaz-avx2-linux.S
[348/641] Compiling sha1-586-linux.S
[349/641] Compiling p256_beeu-x86_64-asm-linux.S
[350/641] Compiling extensions.cc
[351/641] Compiling p256_beeu-x86_64-asm-apple.S
[352/641] Compiling p256-x86_64-asm-linux.S
[353/641] Compiling p256-armv8-asm-linux.S
[353/641] Compiling p256_beeu-armv8-asm-linux.S
[353/641] Compiling p256_beeu-armv8-asm-win.S
[356/641] Compiling p256-x86_64-asm-apple.S
[357/641] Compiling p256_beeu-armv8-asm-apple.S
[358/641] Compiling ghashv8-armv8-win.S
[358/641] Compiling ghashv8-armv8-linux.S
[360/641] Compiling p256-armv8-asm-win.S
[361/641] Compiling p256-armv8-asm-apple.S
[362/641] Compiling ghash-x86_64-apple.S
[363/641] Compiling ghash-x86_64-linux.S
[364/641] Compiling ghashv8-armv7-linux.S
[364/641] Compiling ghashv8-armv8-apple.S
[366/641] Compiling ghash-x86-apple.S
[367/641] Compiling ghash-x86-linux.S
[368/641] Compiling ghash-ssse3-x86-linux.S
[368/641] Compiling ghash-ssse3-x86-apple.S
[368/641] Compiling ghash-ssse3-x86_64-linux.S
[369/641] Compiling ghash-ssse3-x86_64-apple.S
[372/641] Compiling ghash-neon-armv8-win.S
[373/641] Compiling ghash-armv4-linux.S
[374/641] Compiling co-586-apple.S
[374/641] Compiling bsaes-armv7-linux.S
[376/641] Compiling bn-armv8-win.S
[376/641] Compiling bn-armv8-linux.S
[378/641] Compiling co-586-linux.S
[379/641] Compiling ghash-neon-armv8-linux.S
[380/641] Compiling ghash-neon-armv8-apple.S
[381/641] Compiling bn-586-linux.S
[382/641] Compiling bn-armv8-apple.S
[383/641] Compiling bn-586-apple.S
[384/641] Compiling armv8-mont-linux.S
[385/641] Compiling armv8-mont-win.S
[386/641] Compiling aesv8-gcm-armv8-win.S
[386/641] Compiling aesv8-gcm-armv8-linux.S
[388/641] Compiling armv4-mont-linux.S
[389/641] Compiling armv8-mont-apple.S
[390/641] Compiling aesv8-gcm-armv8-apple.S
[391/641] Compiling aesv8-armv8-win.S
[392/641] Compiling aesv8-armv8-linux.S
[393/641] Compiling aesv8-armv8-apple.S
[394/641] Compiling aesv8-armv7-linux.S
[395/641] Compiling aesni-x86_64-linux.S
[396/641] Compiling aesni-x86_64-apple.S
[397/641] Compiling aesni-gcm-x86_64-linux.S
[397/641] Compiling aesni-x86-linux.S
[399/641] Compiling aesni-x86-apple.S
[400/641] Compiling aes-gcm-avx10-x86_64-linux.S
[401/641] Compiling aes-gcm-avx10-x86_64-apple.S
[402/641] Compiling aes-gcm-avx2-x86_64-linux.S
[403/641] Compiling aes-gcm-avx2-x86_64-apple.S
[404/641] Compiling aesni-gcm-x86_64-apple.S
[405/641] Compiling d1_both.cc
[407/641] Compiling SystemPackage Errno.swift
[407/641] Compiling x_sig.cc
[407/641] Compiling x_x509a.cc
[409/641] Compiling x_pubkey.cc
[410/641] Compiling x_val.cc
[411/641] Compiling x_exten.cc
[412/641] Compiling x_req.cc
[413/641] Compiling x_spki.cc
[414/641] Compiling x_attrib.cc
[415/641] Compiling x_x509.cc
[415/641] Compiling x_crl.cc
[417/641] Compiling x_name.cc
[418/642] Compiling x_all.cc
[419/642] Compiling x_algor.cc
[420/642] Compiling x509spki.cc
[421/642] Compiling x509rset.cc
[422/642] Compiling x509cset.cc
[423/642] Compiling x509_vpm.cc
[424/642] Compiling x509_txt.cc
[425/642] Compiling x509name.cc
[426/642] Compiling x509_v3.cc
[427/642] Compiling x509_trs.cc
[428/642] Compiling x509_set.cc
[429/642] Compiling x509_vfy.cc
[429/642] Compiling x509_req.cc
[431/642] Compiling x509_def.cc
[432/642] Compiling x509_obj.cc
[433/642] Compiling x509_ext.cc
[434/642] Compiling x509_d2.cc
[435/642] Compiling x509_lu.cc
[435/642] Compiling x509_att.cc
[437/642] Compiling x509.cc
[438/642] Compiling x509_cmp.cc
[439/642] Compiling v3_skey.cc
[440/642] Compiling v3_prn.cc
[441/642] Compiling v3_utl.cc
[442/642] Compiling v3_purp.cc
[443/642] Compiling v3_pmaps.cc
[444/642] Compiling v3_ocsp.cc
[445/642] Compiling v3_pcons.cc
[446/642] Compiling v3_int.cc
[447/642] Compiling v3_ia5.cc
[448/642] Compiling v3_info.cc
[449/642] Compiling v3_genn.cc
[450/642] Compiling v3_lib.cc
[451/642] Compiling v3_ncons.cc
[452/642] Compiling v3_extku.cc
[453/642] Compiling v3_enum.cc
[454/642] Compiling v3_crld.cc
[455/642] Compiling v3_bitst.cc
[456/642] Compiling v3_conf.cc
[457/642] Compiling v3_bcons.cc
[458/642] Compiling v3_cpols.cc
[459/642] Compiling v3_akeya.cc
[460/642] Compiling v3_akey.cc
[460/642] Compiling t_x509a.cc
[462/642] Compiling v3_alt.cc
[463/642] Compiling t_x509.cc
[464/642] Compiling t_crl.cc
[465/642] Compiling t_req.cc
[466/642] Compiling rsa_pss.cc
[467/642] Compiling i2d_pr.cc
[468/642] Compiling name_print.cc
[469/642] Compiling by_file.cc
[470/642] Compiling by_dir.cc
[471/642] Compiling a_verify.cc
[472/642] Compiling a_sign.cc
[473/642] Compiling algorithm.cc
[474/642] Compiling policy.cc
[475/642] Compiling asn1_gen.cc
[476/642] Compiling a_digest.cc
[477/642] Compiling voprf.cc
[478/642] Compiling thread_win.cc
[479/642] Compiling trust_token.cc
[480/642] Compiling thread.cc
[481/642] Compiling thread_pthread.cc
[482/642] Compiling thread_none.cc
[483/642] Compiling sha512.cc
[484/642] Compiling stack.cc
[484/642] Compiling siphash.cc
[486/642] Compiling slhdsa.cc
[487/642] Compiling spake2plus.cc
[488/642] Compiling pmbtoken.cc
[489/642] Compiling sha256.cc
[490/642] Compiling sha1.cc
[491/642] Compiling rsa_print.cc
[492/642] Compiling rsa_extra.cc
[493/642] Compiling urandom.cc
[494/642] Compiling windows.cc
[494/642] Compiling rc4.cc
[496/642] Compiling refcount.cc
[497/642] Compiling rsa_crypt.cc
[498/642] Compiling rsa_asn1.cc
[499/642] Compiling trusty.cc
[500/642] Compiling poly1305_arm_asm.S
[501/642] Compiling rand.cc
[502/642] Compiling passive.cc
[503/642] Compiling ios.cc
[504/642] Compiling getentropy.cc
[505/642] Compiling forkunsafe.cc
[506/642] Compiling deterministic.cc
[507/642] Compiling fork_detect.cc
[508/642] Compiling poly1305_vec.cc
[509/642] Compiling poly1305_arm.cc
[510/642] Compiling pool.cc
[511/642] Compiling poly1305.cc
[512/642] Compiling pkcs7.cc
[513/642] Compiling p5_pbev2.cc
[514/642] Compiling pkcs8.cc
[515/642] Compiling pkcs7_x509.cc
[516/642] Compiling pkcs8_x509.cc
[517/642] Compiling pem_xaux.cc
[518/642] Compiling pem_x509.cc
[519/642] Compiling pem_pkey.cc
[520/642] Compiling pem_pk8.cc
[521/642] Compiling pem_oth.cc
[522/642] Compiling pem_info.cc
[523/642] Compiling mlkem.cc
[524/642] Compiling pem_lib.cc
[525/642] Compiling mldsa.cc
[526/642] Compiling poly_rq_mul.S
[527/642] Compiling obj_xref.cc
[528/642] Compiling fips_shared_support.cc
[529/642] Compiling mem.cc
[530/642] Compiling pem_all.cc
[531/642] Compiling obj.cc
[532/642] Compiling md5.cc
[533/642] Compiling md4.cc
[534/642] Compiling lhash.cc
[535/642] Compiling ex_data.cc
[536/642] Compiling sign.cc
[537/642] Compiling scrypt.cc
[538/642] Compiling print.cc
[539/642] Compiling pbkdf.cc
[539/642] Compiling p_x25519.cc
[541/642] Compiling kyber.cc
[542/642] Compiling hpke.cc
[543/642] Compiling p_x25519_asn1.cc
[544/642] Compiling p_rsa_asn1.cc
[545/642] Compiling p_hkdf.cc
[546/642] Compiling p_ed25519.cc
[547/642] Compiling p_rsa.cc
[548/642] Compiling p_ec.cc
[549/642] Compiling hrss.cc
[550/642] Compiling p_ed25519_asn1.cc
[551/642] Compiling p_dh_asn1.cc
[552/642] Compiling p_ec_asn1.cc
[553/642] Compiling p_dh.cc
[554/642] Compiling evp_ctx.cc
[555/642] Compiling p_dsa_asn1.cc
[556/642] Compiling engine.cc
[557/642] Compiling evp.cc
[558/642] Compiling ecdh.cc
[559/642] Compiling ec_derive.cc
[560/642] Compiling err.cc
[561/642] Compiling ecdsa_asn1.cc
[562/642] Compiling hash_to_curve.cc
[563/642] Compiling evp_asn1.cc
[564/642] Compiling x25519-asm-arm.S
[565/642] Compiling dsa.cc
[566/642] Compiling dsa_asn1.cc
[567/642] Compiling ec_asn1.cc
[568/642] Compiling params.cc
[569/642] Compiling curve25519_64_adx.cc
[570/642] Compiling digest_extra.cc
[571/642] Compiling dh_asn1.cc
[572/642] Compiling crypto.cc
[572/642] Compiling spake25519.cc
[574/642] Compiling cpu_intel.cc
[575/642] Compiling cpu_arm_freebsd.cc
[576/642] Compiling cpu_arm_linux.cc
[577/642] Compiling des.cc
[578/642] Compiling cpu_aarch64_win.cc
[579/642] Compiling cpu_aarch64_sysreg.cc
[580/642] Compiling cpu_aarch64_openbsd.cc
[581/642] Compiling cpu_aarch64_linux.cc
[582/642] Compiling cpu_aarch64_apple.cc
[583/642] Compiling cpu_aarch64_fuchsia.cc
[584/642] Compiling get_cipher.cc
[585/642] Compiling e_tls.cc
[585/642] Compiling conf.cc
[587/642] Compiling tls_cbc.cc
[588/642] Compiling e_rc4.cc
[589/642] Compiling curve25519.cc
[590/642] Compiling e_null.cc
[591/642] Compiling e_rc2.cc
[592/642] Compiling e_des.cc
[593/642] Compiling e_chacha20poly1305.cc
[594/642] Compiling e_aesgcmsiv.cc
[595/642] Compiling e_aesctrhmac.cc
[596/642] Compiling derive_key.cc
[597/642] Compiling chacha.cc
[598/642] Compiling unicode.cc
[599/642] Compiling ber.cc
[600/642] Compiling buf.cc
[601/642] Compiling asn1_compat.cc
[602/642] Compiling cbs.cc
[603/642] Compiling cbb.cc
[604/642] Compiling bn_asn1.cc
[605/642] Compiling socket.cc
[606/642] Compiling socket_helper.cc
[607/642] Compiling convert.cc
[608/642] Compiling blake2.cc
[609/642] Compiling printf.cc
[610/642] Compiling hexdump.cc
[611/642] Compiling pair.cc
[612/642] Compiling file.cc
[613/642] Compiling errno.cc
[614/642] Compiling fd.cc
[615/642] Compiling connect.cc
[616/642] Compiling bio_mem.cc
[617/642] Compiling base64.cc
[618/642] Compiling bio.cc
[619/642] Compiling tasn_utl.cc
[620/642] Compiling tasn_typ.cc
[621/642] Compiling tasn_fre.cc
[622/642] Compiling tasn_enc.cc
[623/642] Compiling tasn_new.cc
[624/642] Compiling posix_time.cc
[625/642] Compiling f_string.cc
[626/642] Compiling f_int.cc
[627/642] Compiling asn_pack.cc
[627/642] Compiling tasn_dec.cc
[629/642] Compiling asn1_par.cc
[630/642] Compiling a_gentm.cc
[632/642] Compiling Configuration AccessReporter.swift
[633/642] Compiling NIOCore AddressedEnvelope.swift
[633/645] Compiling copy.cpp
[635/645] Compiling NIOFoundationEssentialsCompat ByteBuffer-foundation.swift
[635/645] Compiling bcm.cc
[637/645] Compiling NIOEmbedded AsyncTestingChannel.swift
[638/645] Compiling NIOPosix BSDSocketAPICommon.swift
[639/646] Compiling NIO Exports.swift
[639/650] Compiling indexing.cpp
[641/650] Compiling NIOFoundationCompat Exports.swift
[642/650] Compiling NIOTLS ApplicationProtocolNegotiationHandler.swift
[643/650] Compiling NIOSOCKS SOCKSClientHandler.swift
[644/652] Compiling NIOTransportServices AcceptHandler.swift
[645/652] Compiling NIOHTTP1 ByteCollectionUtils.swift
[646/654] Compiling NIOSSL AndroidCABundle.swift
[647/654] Compiling NIOHTTPCompression HTTPCompression.swift
[648/654] Compiling NIOHPACK DynamicHeaderTable.swift
[648/655] Compiling binary.cpp
[650/656] Compiling NIOHTTP2 ConnectionStateMachine.swift
[651/657] Compiling MLX ArrayAt.swift
/Users/eric/vmlx-swift/Source/MLX/IO.swift:290:5: warning: using '_' to ignore the result of a Void-returning function is redundant
288 |     defer { mlx_io_writer_free(writer) }
289 | 
290 |     _ = evalLock.withLock {
    |     `- warning: using '_' to ignore the result of a Void-returning function is redundant
291 |         _ = evalLock.withLock {
292 |             mlx_save_safetensors_writer(writer, mlx_arrays, mlx_metadata)
[652/659] Compiling MLXRandom Random.swift
[653/659] Compiling MLXNN Activations.swift
/Users/eric/vmlx-swift/Source/MLXNN/Module.swift:1407:34: warning: conditional downcast from 'T?' to 'T' does nothing
1405 |             // note: this gives a warning but it does in fact do something
1406 |             // in the case where this is e.g. ParameterInfo<MLXArray?>
1407 |             if let value = value as? T {
     |                                  `- warning: conditional downcast from 'T?' to 'T' does nothing
1408 |                 return value
1409 |             } else {

/Users/eric/vmlx-swift/Source/MLXNN/Module.swift:1520:36: warning: conditional downcast from 'T?' to 'T' does nothing
1518 |             // note: this gives a warning but it does in fact do something
1519 |             // in the case where this is e.g. ModuleInfo<Linear?>
1520 |             if let module = module as? T {
     |                                    `- warning: conditional downcast from 'T?' to 'T' does nothing
1521 |                 return module
1522 |             } else {

/Users/eric/vmlx-swift/Source/MLXNN/Module.swift:293:13: warning: default will never be executed
 291 |                 return isAllNone ? .none : .array(result)
 292 | 
 293 |             default:
     |             `- warning: default will never be executed
 294 |                 fatalError("Unexpected leaf \(vk) = \(v)")
 295 |             }
[654/660] Compiling MLXOptimizers Optimizers.swift
[655/661] Compiling AsyncHTTPClient AnyAsyncSequence.swift
[656/662] Compiling VMLXEventSource AsyncEventsSequence.swift
[657/663] Compiling VMLXHuggingFace AccessRequest.swift
[658/664] Compiling VMLXHub BinaryDistinct.swift
[659/665] Compiling VMLXTokenizers BPETokenizer.swift
/Users/eric/vmlx-swift/Vendors/swift-transformers/Sources/Tokenizers/Tokenizer.swift:158:16: warning: static property 'knownTokenizers' is not concurrency-safe because non-'Sendable' type '[String : any PreTrainedTokenizerModel.Type]' may have shared mutable state [#MutableGlobalVariable]
 156 | 
 157 | enum TokenizerModel {
 158 |     static let knownTokenizers: [String: PreTrainedTokenizerModel.Type] = [
     |                |- warning: static property 'knownTokenizers' is not concurrency-safe because non-'Sendable' type '[String : any PreTrainedTokenizerModel.Type]' may have shared mutable state [#MutableGlobalVariable]
     |                |- note: add '@MainActor' to make static property 'knownTokenizers' part of global actor 'MainActor'
     |                `- note: disable concurrency-safety checks if accesses are protected by an external synchronization mechanism
 159 |         "BertTokenizer": BertTokenizer.self,
 160 |         "CodeGenTokenizer": BPETokenizer.self,

[#MutableGlobalVariable]: <https://docs.swift.org/compiler/documentation/diagnostics/mutable-global-variable>
[660/666] Compiling VMLXGeneration Decoders.swift
[661/667] Compiling VMLXModels LanguageModel.swift
[662/667] Compiling MLXLMCommon DoRA+Layers.swift
[663/668] Compiling SwiftSyntax AbsolutePosition.swift
[664/671] Compiling SwiftBasicFormat BasicFormat.swift
[665/671] Compiling SwiftDiagnostics Convenience.swift
[666/671] Compiling MLXLLM BailingThinkingTemplateContext.swift
[667/672] Compiling MLXVLM MediaProcessing.swift
[668/672] Compiling SwiftParser Attributes.swift
[669/674] Compiling SwiftOperators Operator.swift
[670/674] Compiling SwiftParserDiagnostics DiagnosticExtensions.swift
[671/675] Compiling SwiftSyntaxBuilder ConvenienceInitializers.swift
[672/676] Compiling SwiftSyntaxMacros AbstractSourceLocation.swift
[673/677] Compiling SwiftSyntaxMacroExpansion BasicMacroExpansionContext.swift
[674/678] Compiling SwiftCompilerPluginMessageHandling CompilerPluginMessageHandler.swift
[675/679] Compiling SwiftCompilerPlugin CompilerPlugin.swift
[676/680] Compiling MLXHuggingFaceMacros HuggingFaceIntegrationMacros.swift
[676/680] Write Objects.LinkFileList
[677/680] Linking MLXHuggingFaceMacros-tool
[679/681] Compiling MLXHuggingFace Macros.swift
[680/682] Compiling RunBench Bench.swift
/Users/eric/vmlx-swift/RunBench/Bench.swift:1050:5: warning: 'nonisolated(unsafe)' is unnecessary for a constant with 'Sendable' type 'ModelContext', consider removing it
1048 |     // constructed container that doesn't match the context's
1049 |     // original container.
1050 |     nonisolated(unsafe) let ctx = context
     |     `- warning: 'nonisolated(unsafe)' is unnecessary for a constant with 'Sendable' type 'ModelContext', consider removing it
1051 | 
1052 |     for compileOn in [false, true] {

/Users/eric/vmlx-swift/RunBench/Bench.swift:1155:5: warning: 'nonisolated(unsafe)' is unnecessary for a constant with 'Sendable' type 'ModelContext', consider removing it
1153 |     print("Reasoning stamp: \(context.configuration.reasoningParserName ?? "nil")")
1154 | 
1155 |     nonisolated(unsafe) let ctx = context
     |     `- warning: 'nonisolated(unsafe)' is unnecessary for a constant with 'Sendable' type 'ModelContext', consider removing it
1156 |     let engine = BatchEngine(context: ctx, maxBatchSize: 1)
1157 | 

/Users/eric/vmlx-swift/RunBench/Bench.swift:1614:5: warning: 'nonisolated(unsafe)' is unnecessary for a constant with 'Sendable' type 'ModelContext', consider removing it
1612 |     // 4. Two concurrent requests — uncompiled batched decode path.
1613 |     print("\n[4. B=2 concurrent uncompiled]")
1614 |     nonisolated(unsafe) let ctx4 = context
     |     `- warning: 'nonisolated(unsafe)' is unnecessary for a constant with 'Sendable' type 'ModelContext', consider removing it
1615 |     let engine4 = BatchEngine(context: ctx4, maxBatchSize: 2)
1616 |     _ = LMInput(text: LMInput.Text(

/Users/eric/vmlx-swift/RunBench/Bench.swift:1656:5: warning: 'nonisolated(unsafe)' is unnecessary for a constant with 'Sendable' type 'ModelContext', consider removing it
1654 | ) async throws {
1655 |     if !silent { print("\n[\(label)]") }
1656 |     nonisolated(unsafe) let ctx = context
     |     `- warning: 'nonisolated(unsafe)' is unnecessary for a constant with 'Sendable' type 'ModelContext', consider removing it
1657 |     let engine = BatchEngine(context: ctx, maxBatchSize: maxBatchSize)
1658 | 

/Users/eric/vmlx-swift/RunBench/Bench.swift:1771:9: warning: 'nonisolated(unsafe)' is unnecessary for a constant with 'Sendable' type 'ModelContext', consider removing it
1769 | 
1770 |         // Path B: BatchEngine.
1771 |         nonisolated(unsafe) let ctx = context
     |         `- warning: 'nonisolated(unsafe)' is unnecessary for a constant with 'Sendable' type 'ModelContext', consider removing it
1772 |         let engine = BatchEngine(context: ctx, maxBatchSize: 1)
1773 |         nonisolated(unsafe) let sendable = lmInput

/Users/eric/vmlx-swift/RunBench/Bench.swift:1854:5: warning: 'nonisolated(unsafe)' is unnecessary for a constant with 'Sendable' type 'ModelContext', consider removing it
1852 |         maxTokens: maxNew, temperature: 0, prefillStepSize: 512)
1853 | 
1854 |     nonisolated(unsafe) let ctx = context
     |     `- warning: 'nonisolated(unsafe)' is unnecessary for a constant with 'Sendable' type 'ModelContext', consider removing it
1855 |     let engine = BatchEngine(context: ctx, maxBatchSize: 2)
1856 | 

/Users/eric/vmlx-swift/RunBench/Bench.swift:1965:5: warning: 'nonisolated(unsafe)' is unnecessary for a constant with 'Sendable' type 'ModelContext', consider removing it
1963 |         maxTokens: maxNew, temperature: 0, prefillStepSize: 512)
1964 | 
1965 |     nonisolated(unsafe) let ctx = context
     |     `- warning: 'nonisolated(unsafe)' is unnecessary for a constant with 'Sendable' type 'ModelContext', consider removing it
1966 |     let engine = BatchEngine(
1967 |         context: ctx, maxBatchSize: 1, cacheCoordinator: coordinator)

/Users/eric/vmlx-swift/RunBench/Bench.swift:2187:5: warning: 'nonisolated(unsafe)' is unnecessary for a constant with 'Sendable' type 'ModelContext', consider removing it
2185 | 
2186 |     // --- Session 1: store cache entry to disk --------------------------
2187 |     nonisolated(unsafe) let ctx1 = context
     |     `- warning: 'nonisolated(unsafe)' is unnecessary for a constant with 'Sendable' type 'ModelContext', consider removing it
2188 |     let coordA = makeCoordinator()
2189 |     let engineA = BatchEngine(

/Users/eric/vmlx-swift/RunBench/Bench.swift:2261:5: warning: 'nonisolated(unsafe)' is unnecessary for a constant with 'Sendable' type 'ModelContext', consider removing it
2259 |     // Actually run turn 2 through a new BatchEngine bound to coordB.
2260 |     // We can't reuse engineA because it carries coordA.
2261 |     nonisolated(unsafe) let ctx2 = context
     |     `- warning: 'nonisolated(unsafe)' is unnecessary for a constant with 'Sendable' type 'ModelContext', consider removing it
2262 |     let engineB = BatchEngine(
2263 |         context: ctx2, maxBatchSize: 1, cacheCoordinator: coordB)

/Users/eric/vmlx-swift/RunBench/Bench.swift:2391:5: warning: 'nonisolated(unsafe)' is unnecessary for a constant with 'Sendable' type 'ModelContext', consider removing it
2389 |         Double(params.minP),
2390 |         params.repetitionPenalty.map { String(format: "%.3f", Double($0)) } ?? "nil"))
2391 |     nonisolated(unsafe) let ctx = context
     |     `- warning: 'nonisolated(unsafe)' is unnecessary for a constant with 'Sendable' type 'ModelContext', consider removing it
2392 |     let engine = BatchEngine(
2393 |         context: ctx, maxBatchSize: 1, cacheCoordinator: coordinator)

/Users/eric/vmlx-swift/RunBench/Bench.swift:2736:5: warning: 'nonisolated(unsafe)' is unnecessary for a constant with 'Sendable' type 'ModelContext', consider removing it
2734 |     stochasticParams.randomSeed = 36
2735 | 
2736 |     nonisolated(unsafe) let ctx = context
     |     `- warning: 'nonisolated(unsafe)' is unnecessary for a constant with 'Sendable' type 'ModelContext', consider removing it
2737 | 
2738 |     func runPair(label: String) async -> ([Int], [Int]) {

/Users/eric/vmlx-swift/RunBench/Bench.swift:2969:5: warning: 'nonisolated(unsafe)' is unnecessary for a constant with 'Sendable' type 'ModelContext', consider removing it
2967 |     print("Model: \(type(of: context.model))")
2968 | 
2969 |     nonisolated(unsafe) let ctx = context
     |     `- warning: 'nonisolated(unsafe)' is unnecessary for a constant with 'Sendable' type 'ModelContext', consider removing it
2970 |     let tokenizer = context.tokenizer
2971 | 

/Users/eric/vmlx-swift/RunBench/Bench.swift:3245:5: warning: 'nonisolated(unsafe)' is unnecessary for a constant with 'Sendable' type 'ModelContext', consider removing it
3243 |         maxTokens: maxNew, temperature: 0, prefillStepSize: 512)
3244 | 
3245 |     nonisolated(unsafe) let ctx = context
     |     `- warning: 'nonisolated(unsafe)' is unnecessary for a constant with 'Sendable' type 'ModelContext', consider removing it
3246 |     let tokenizer = context.tokenizer
3247 | 

/Users/eric/vmlx-swift/RunBench/Bench.swift:3380:5: warning: 'nonisolated(unsafe)' is unnecessary for a constant with 'Sendable' type 'ModelContext', consider removing it
3378 |         maxTokens: perSlotMax, temperature: 0, prefillStepSize: 512)
3379 | 
3380 |     nonisolated(unsafe) let ctx = context
     |     `- warning: 'nonisolated(unsafe)' is unnecessary for a constant with 'Sendable' type 'ModelContext', consider removing it
3381 |     let engine = BatchEngine(context: ctx, maxBatchSize: 3)
3382 | 

/Users/eric/vmlx-swift/RunBench/Bench.swift:3556:5: warning: 'nonisolated(unsafe)' is unnecessary for a constant with 'Sendable' type 'ModelContext', consider removing it
3554 |     // --- BatchEngine ----------------------------------------------------
3555 |     print("\n[Path B] BatchEngine.submit")
3556 |     nonisolated(unsafe) let ctx = context
     |     `- warning: 'nonisolated(unsafe)' is unnecessary for a constant with 'Sendable' type 'ModelContext', consider removing it
3557 |     let engine = BatchEngine(context: ctx, maxBatchSize: 1)
3558 |     // Fresh LMInput — the one from path A is already consumed.

/Users/eric/vmlx-swift/RunBench/Bench.swift:3653:5: warning: 'nonisolated(unsafe)' is unnecessary for a constant with 'Sendable' type 'ModelContext', consider removing it
3651 | 
3652 |     let input = LMInput(text: LMInput.Text(tokens: promptIds))
3653 |     nonisolated(unsafe) let ctxSendable = context
     |     `- warning: 'nonisolated(unsafe)' is unnecessary for a constant with 'Sendable' type 'ModelContext', consider removing it
3654 |     nonisolated(unsafe) let sendable = input
3655 |     var chunkText = ""

/Users/eric/vmlx-swift/RunBench/Bench.swift:3751:9: warning: 'nonisolated(unsafe)' is unnecessary for a constant with 'Sendable' type 'ModelContext', consider removing it
3749 | 
3750 |         let input = LMInput(text: LMInput.Text(tokens: promptIds))
3751 |         nonisolated(unsafe) let ctxSendable = context
     |         `- warning: 'nonisolated(unsafe)' is unnecessary for a constant with 'Sendable' type 'ModelContext', consider removing it
3752 |         nonisolated(unsafe) let sendable = input
3753 | 

/Users/eric/vmlx-swift/RunBench/Bench.swift:4933:5: warning: 'nonisolated(unsafe)' is unnecessary for a constant with 'Sendable' type 'ModelContext', consider removing it
4931 |     let coord = CacheCoordinator(config: coordCfg)
4932 | 
4933 |     nonisolated(unsafe) let ctx = context
     |     `- warning: 'nonisolated(unsafe)' is unnecessary for a constant with 'Sendable' type 'ModelContext', consider removing it
4934 |     let engine = BatchEngine(
4935 |         context: ctx, maxBatchSize: 4, cacheCoordinator: coord)

/Users/eric/vmlx-swift/RunBench/Bench.swift:5143:5: warning: 'nonisolated(unsafe)' is unnecessary for a constant with 'Sendable' type 'ModelContext', consider removing it
5141 |     let input = LMInput(text: LMInput.Text(tokens: promptArr))
5142 |     nonisolated(unsafe) let send = input
5143 |     nonisolated(unsafe) let ctx = context
     |     `- warning: 'nonisolated(unsafe)' is unnecessary for a constant with 'Sendable' type 'ModelContext', consider removing it
5144 | 
5145 |     // Set up reasoning parser to split the stream.

/Users/eric/vmlx-swift/RunBench/Bench.swift:5348:5: warning: 'nonisolated(unsafe)' is unnecessary for a constant with 'Sendable' type 'ModelContext', consider removing it
5346 |     print("EOS IDs: \(context.configuration.eosTokenIds.sorted())")
5347 | 
5348 |     nonisolated(unsafe) let ctx = context
     |     `- warning: 'nonisolated(unsafe)' is unnecessary for a constant with 'Sendable' type 'ModelContext', consider removing it
5349 |     let engine = BatchEngine(context: ctx, maxBatchSize: 1)
5350 | 

/Users/eric/vmlx-swift/RunBench/Bench.swift:5634:5: warning: 'nonisolated(unsafe)' is unnecessary for a constant with 'Sendable' type 'ModelContext', consider removing it
5632 |     }
5633 | 
5634 |     nonisolated(unsafe) let ctx = context
     |     `- warning: 'nonisolated(unsafe)' is unnecessary for a constant with 'Sendable' type 'ModelContext', consider removing it
5635 |     let engine = BatchEngine(context: ctx, maxBatchSize: 1)
5636 | 

/Users/eric/vmlx-swift/RunBench/Bench.swift:6239:5: warning: 'nonisolated(unsafe)' is unnecessary for a constant with 'Sendable' type 'ModelContext', consider removing it
6237 |     print("Reasoning stamp: \(context.configuration.reasoningParserName ?? "nil")")
6238 | 
6239 |     nonisolated(unsafe) let ctx = context
     |     `- warning: 'nonisolated(unsafe)' is unnecessary for a constant with 'Sendable' type 'ModelContext', consider removing it
6240 |     let engine: BatchEngine
6241 |     let coordinator: CacheCoordinator?

/Users/eric/vmlx-swift/RunBench/Bench.swift:6608:9: warning: 'nonisolated(unsafe)' is unnecessary for a constant with 'Sendable' type 'ModelContext', consider removing it
6606 |         print("  prompt rendered: \(decode(promptTokens).debugDescription)")
6607 | 
6608 |         nonisolated(unsafe) let ctx = context
     |         `- warning: 'nonisolated(unsafe)' is unnecessary for a constant with 'Sendable' type 'ModelContext', consider removing it
6609 |         let engine = BatchEngine(context: ctx, maxBatchSize: 1)
6610 |         let promptArr = MLXArray(promptTokens.map { Int32($0) })

/Users/eric/vmlx-swift/RunBench/Bench.swift:6736:9: warning: 'nonisolated(unsafe)' is unnecessary for a constant with 'Sendable' type 'ModelContext', consider removing it
6734 |             .reshaped(1, promptTokens.count)
6735 |         let input = LMInput(text: LMInput.Text(tokens: promptIds))
6736 |         nonisolated(unsafe) let ctxSendable = context
     |         `- warning: 'nonisolated(unsafe)' is unnecessary for a constant with 'Sendable' type 'ModelContext', consider removing it
6737 |         nonisolated(unsafe) let sendable = input
6738 | 

/Users/eric/vmlx-swift/RunBench/Bench.swift:6943:9: warning: 'nonisolated(unsafe)' is unnecessary for a constant with 'Sendable' type 'ModelContext', consider removing it
6941 |         }
6942 | 
6943 |         nonisolated(unsafe) let ctxSendable = context
     |         `- warning: 'nonisolated(unsafe)' is unnecessary for a constant with 'Sendable' type 'ModelContext', consider removing it
6944 |         let engine = BatchEngine(
6945 |             context: ctxSendable,

/Users/eric/vmlx-swift/RunBench/Bench.swift:7095:17: warning: 'nonisolated(unsafe)' is unnecessary for a constant with 'Sendable' type 'ModelContext', consider removing it
7093 |             let whichPath = env["BENCH_PERF_PATH"] ?? "batch"
7094 |             if useTokenIterator {
7095 |                 nonisolated(unsafe) let ctxLocal = ctxSendable
     |                 `- warning: 'nonisolated(unsafe)' is unnecessary for a constant with 'Sendable' type 'ModelContext', consider removing it
7096 |                 let stream = try MLXLMCommon.generate(
7097 |                     input: sendable, parameters: params, context: ctxLocal)

/Users/eric/vmlx-swift/RunBench/Bench.swift:7367:5: warning: 'nonisolated(unsafe)' is unnecessary for a constant with 'Sendable' type 'ModelContext', consider removing it
7365 |     print(String(format: "Load: %.2fs", CFAbsoluteTimeGetCurrent() - loadStart))
7366 |     print("Model: \(type(of: context.model))")
7367 |     nonisolated(unsafe) let ctx = context
     |     `- warning: 'nonisolated(unsafe)' is unnecessary for a constant with 'Sendable' type 'ModelContext', consider removing it
7368 | 
7369 |     // Short-decode-budget baseline — each scenario should finish in

/Users/eric/vmlx-swift/RunBench/Bench.swift:7681:5: warning: 'nonisolated(unsafe)' is unnecessary for a constant with 'Sendable' type 'ModelContext', consider removing it
7679 |     print(String(format: "Load: %.2fs", CFAbsoluteTimeGetCurrent() - loadStart))
7680 |     print("Model: \(type(of: context.model))")
7681 |     nonisolated(unsafe) let ctx = context
     |     `- warning: 'nonisolated(unsafe)' is unnecessary for a constant with 'Sendable' type 'ModelContext', consider removing it
7682 | 
7683 |     let budget = min(maxNew, 96)

/Users/eric/vmlx-swift/RunBench/Bench.swift:7879:5: warning: 'nonisolated(unsafe)' is unnecessary for a constant with 'Sendable' type 'ModelContext', consider removing it
7877 |     print("Reasoning stamp: \(context.configuration.reasoningParserName ?? "nil")")
7878 | 
7879 |     nonisolated(unsafe) let ctx = context
     |     `- warning: 'nonisolated(unsafe)' is unnecessary for a constant with 'Sendable' type 'ModelContext', consider removing it
7880 |     let engine = BatchEngine(context: ctx, maxBatchSize: 1)
7881 |     let params = GenerateParameters(

/Users/eric/vmlx-swift/RunBench/Bench.swift:8185:5: warning: 'nonisolated(unsafe)' is unnecessary for a constant with 'Sendable' type 'ModelContext', consider removing it
8183 |     // production path the osaurus server uses). If BENCH_PROD_COORD=1
8184 |     // is set, attach an explicit L2-disk coordinator.
8185 |     nonisolated(unsafe) let ctx = context
     |     `- warning: 'nonisolated(unsafe)' is unnecessary for a constant with 'Sendable' type 'ModelContext', consider removing it
8186 |     let coordinator: CacheCoordinator?
8187 |     if (env["BENCH_PROD_COORD"] ?? "0") == "1" {

/Users/eric/vmlx-swift/RunBench/JangPressRegressionBench.swift:260:9: warning: 'nonisolated(unsafe)' is unnecessary for a constant with 'Sendable' type 'ModelContext', consider removing it
258 | 
259 |         let coord = makeCoord(diskCache: true, modelKey: bundle, kvDir: kvDir)
260 |         nonisolated(unsafe) let ctx = context
    |         `- warning: 'nonisolated(unsafe)' is unnecessary for a constant with 'Sendable' type 'ModelContext', consider removing it
261 |         let engine = BatchEngine(
262 |             context: ctx, maxBatchSize: 1,

/Users/eric/vmlx-swift/RunBench/OmniBench.swift:503:13: warning: 'nonisolated(unsafe)' is unnecessary for a constant with 'Sendable' type 'ModelContext', consider removing it
 501 |         // the real omni hybrid topology.
 502 |         if (ProcessInfo.processInfo.environment["BENCH_OMNI_BATCH"] ?? "0") == "1" {
 503 |             nonisolated(unsafe) let ctxBatch = context
     |             `- warning: 'nonisolated(unsafe)' is unnecessary for a constant with 'Sendable' type 'ModelContext', consider removing it
 504 | 
 505 |             // Row B1: text-only, B=1 through BatchEngine.

/Users/eric/vmlx-swift/RunBench/OmniBench.swift:510:17: warning: 'nonisolated(unsafe)' is unnecessary for a constant with 'Sendable' type 'ModelContext', consider removing it
 508 |             // `.reasoning` events, never `.chunk`).
 509 |             results.append(await runRow("B1. BatchEngine text B=1", maxNew: maxNewTokens) {
 510 |                 nonisolated(unsafe) let ctxLocal = ctxBatch
     |                 `- warning: 'nonisolated(unsafe)' is unnecessary for a constant with 'Sendable' type 'ModelContext', consider removing it
 511 |                 let engine = BatchEngine(context: ctxLocal, maxBatchSize: 2)
 512 |                 let params = makeOmniParameters(

/Users/eric/vmlx-swift/RunBench/OmniBench.swift:548:17: warning: 'nonisolated(unsafe)' is unnecessary for a constant with 'Sendable' type 'ModelContext', consider removing it
 546 |             // both must produce sensible text.
 547 |             results.append(await runRow("B2. BatchEngine text B=2 concurrent", maxNew: maxNewTokens) {
 548 |                 nonisolated(unsafe) let ctxLocal = ctxBatch
     |                 `- warning: 'nonisolated(unsafe)' is unnecessary for a constant with 'Sendable' type 'ModelContext', consider removing it
 549 |                 let engine = BatchEngine(context: ctxLocal, maxBatchSize: 2)
 550 |                 let params = makeOmniParameters(

/Users/eric/vmlx-swift/RunBench/OmniBench.swift:567:17: warning: 'nonisolated(unsafe)' is unnecessary for a constant with 'Sendable' type 'GenerateParameters', consider removing it
 565 |                 nonisolated(unsafe) let i0 = inputs[0]
 566 |                 nonisolated(unsafe) let i1 = inputs[1]
 567 |                 nonisolated(unsafe) let p = params
     |                 `- warning: 'nonisolated(unsafe)' is unnecessary for a constant with 'Sendable' type 'GenerateParameters', consider removing it
 568 |                 async let s0Task = Self.collectStream(
 569 |                     engine: engine, input: i0, parameters: p,

/Users/eric/vmlx-swift/RunBench/OmniBench.swift:593:17: warning: 'nonisolated(unsafe)' is unnecessary for a constant with 'Sendable' type 'ModelContext', consider removing it
 591 |             // model.prepare() and back, this passes.
 592 |             results.append(await runRow("B3. BatchEngine image B=1", maxNew: maxNewTokens) {
 593 |                 nonisolated(unsafe) let ctxLocal = ctxBatch
     |                 `- warning: 'nonisolated(unsafe)' is unnecessary for a constant with 'Sendable' type 'ModelContext', consider removing it
 594 |                 let engine = BatchEngine(context: ctxLocal, maxBatchSize: 2)
 595 |                 let params = makeOmniParameters(

/Users/eric/vmlx-swift/RunBench/OmniBench.swift:638:21: warning: 'nonisolated(unsafe)' is unnecessary for a constant with 'Sendable' type 'ModelContext', consider removing it
 636 |             if FileManager.default.fileExists(atPath: audioFixture.path) {
 637 |                 results.append(await runRow("B4. BatchEngine audio B=1", maxNew: maxNewTokens) {
 638 |                     nonisolated(unsafe) let ctxLocal = ctxBatch
     |                     `- warning: 'nonisolated(unsafe)' is unnecessary for a constant with 'Sendable' type 'ModelContext', consider removing it
 639 |                     let engine = BatchEngine(context: ctxLocal, maxBatchSize: 2)
 640 |                     let params = makeOmniParameters(

/Users/eric/vmlx-swift/RunBench/StabilityBench.swift:76:9: warning: 'nonisolated(unsafe)' is unnecessary for a constant with 'Sendable' type 'ModelContext', consider removing it
 74 |         var rows: [Row] = []
 75 | 
 76 |         nonisolated(unsafe) let ctx = context
    |         `- warning: 'nonisolated(unsafe)' is unnecessary for a constant with 'Sendable' type 'ModelContext', consider removing it
 77 | 
 78 |         // -------------------------------------------------------------

/Users/eric/vmlx-swift/RunBench/StabilityBench.swift:83:38: warning: 'peakMemory' is deprecated: renamed to 'Memory.peakMemory' [#DeprecatedDeclaration]
 81 |         func runRow(_ name: String, _ body: () async throws -> String) async -> Row {
 82 |             let t0 = CFAbsoluteTimeGetCurrent()
 83 |             let peakBefore = MLX.GPU.peakMemory
    |                                      |- warning: 'peakMemory' is deprecated: renamed to 'Memory.peakMemory' [#DeprecatedDeclaration]
    |                                      `- note: use 'Memory.peakMemory' instead
 84 |             do {
 85 |                 let detail = try await body()

/Users/eric/vmlx-swift/RunBench/StabilityBench.swift:87:41: warning: 'peakMemory' is deprecated: renamed to 'Memory.peakMemory' [#DeprecatedDeclaration]
 85 |                 let detail = try await body()
 86 |                 let secs = CFAbsoluteTimeGetCurrent() - t0
 87 |                 let peakAfter = MLX.GPU.peakMemory
    |                                         |- warning: 'peakMemory' is deprecated: renamed to 'Memory.peakMemory' [#DeprecatedDeclaration]
    |                                         `- note: use 'Memory.peakMemory' instead
 88 |                 let peak = Int64(peakAfter - peakBefore)
 89 |                 let row = Row(name: name, passed: true, detail: detail, secs: secs, peakBytes: peak)

/Users/eric/vmlx-swift/RunBench/StabilityBench.swift:367:21: warning: 'clearCache()' is deprecated: renamed to 'Memory.clearCache' [#DeprecatedDeclaration]
365 |                 cacheCoordinator: coord)
366 |             _ = try await ask(engine, prompt: "Capital of France?", maxNew: 16)
367 |             MLX.GPU.clearCache()
    |                     |- warning: 'clearCache()' is deprecated: renamed to 'Memory.clearCache' [#DeprecatedDeclaration]
    |                     `- note: use 'Memory.clearCache' instead
368 |             let r = try await ask(engine, prompt: "Capital of France?", maxNew: 16)
369 |             let c = r.reasoning.isEmpty ? r.text : r.reasoning

/Users/eric/vmlx-swift/RunBench/VLBench.swift:80:9: warning: 'nonisolated(unsafe)' is unnecessary for a constant with 'Sendable' type 'ModelContext', consider removing it
  78 | 
  79 |         let image = try synthesiseGradientImage(side: 224)
  80 |         nonisolated(unsafe) let ctx = context
     |         `- warning: 'nonisolated(unsafe)' is unnecessary for a constant with 'Sendable' type 'ModelContext', consider removing it
  81 | 
  82 |         for compileOn in [false, true] {

/Users/eric/vmlx-swift/RunBench/VLBench.swift:246:9: warning: 'nonisolated(unsafe)' is unnecessary for a constant with 'Sendable' type 'ModelContext', consider removing it
 244 |         print("Processor: \(type(of: context.processor))")
 245 | 
 246 |         nonisolated(unsafe) let ctx = context
     |         `- warning: 'nonisolated(unsafe)' is unnecessary for a constant with 'Sendable' type 'ModelContext', consider removing it
 247 | 
 248 |         var params = GenerateParameters(

/Users/eric/vmlx-swift/RunBench/VLBench.swift:248:13: warning: variable 'params' was never mutated; consider changing to 'let' constant
 246 |         nonisolated(unsafe) let ctx = context
 247 | 
 248 |         var params = GenerateParameters(
     |             `- warning: variable 'params' was never mutated; consider changing to 'let' constant
 249 |             maxTokens: maxNewTokens, temperature: 0,
 250 |             prefillStepSize: 512)

/Users/eric/vmlx-swift/RunBench/VLBench.swift:350:9: warning: 'nonisolated(unsafe)' is unnecessary for a constant with 'Sendable' type 'ModelContext', consider removing it
 348 |         print("Reasoning stamp: \(context.configuration.reasoningParserName ?? "nil")")
 349 | 
 350 |         nonisolated(unsafe) let ctx = context
     |         `- warning: 'nonisolated(unsafe)' is unnecessary for a constant with 'Sendable' type 'ModelContext', consider removing it
 351 |         let engine = BatchEngine(context: ctx, maxBatchSize: 1)
 352 |         let params = GenerateParameters(

/Users/eric/vmlx-swift/RunBench/VLBench.swift:499:9: warning: 'nonisolated(unsafe)' is unnecessary for a constant with 'Sendable' type 'ModelContext', consider removing it
 497 |             label: "media-salt")
 498 | 
 499 |         nonisolated(unsafe) let ctx = context
     |         `- warning: 'nonisolated(unsafe)' is unnecessary for a constant with 'Sendable' type 'ModelContext', consider removing it
 500 |         let engine = BatchEngine(
 501 |             context: ctx, maxBatchSize: 1, cacheCoordinator: coordinator)

/Users/eric/vmlx-swift/RunBench/VLBench.swift:635:9: warning: 'nonisolated(unsafe)' is unnecessary for a constant with 'Sendable' type 'ModelContext', consider removing it
 633 | 
 634 |         // Path B: BatchEngine
 635 |         nonisolated(unsafe) let ctx = context
     |         `- warning: 'nonisolated(unsafe)' is unnecessary for a constant with 'Sendable' type 'ModelContext', consider removing it
 636 |         let engine = BatchEngine(context: ctx, maxBatchSize: 1)
 637 |         nonisolated(unsafe) let sendable = inputB

/Users/eric/vmlx-swift/RunBench/VLBench.swift:701:9: warning: 'nonisolated(unsafe)' is unnecessary for a constant with 'Sendable' type 'ModelContext', consider removing it
 699 |             label: "cache-hit")
 700 | 
 701 |         nonisolated(unsafe) let ctx = context
     |         `- warning: 'nonisolated(unsafe)' is unnecessary for a constant with 'Sendable' type 'ModelContext', consider removing it
 702 |         let engine = BatchEngine(
 703 |             context: ctx, maxBatchSize: 1, cacheCoordinator: coordinator)

/Users/eric/vmlx-swift/RunBench/VLBench.swift:854:9: warning: 'nonisolated(unsafe)' is unnecessary for a constant with 'Sendable' type 'ModelContext', consider removing it
 852 |             label: "chat-cache")
 853 | 
 854 |         nonisolated(unsafe) let ctx = context
     |         `- warning: 'nonisolated(unsafe)' is unnecessary for a constant with 'Sendable' type 'ModelContext', consider removing it
 855 |         let engine = BatchEngine(context: ctx, maxBatchSize: 1, cacheCoordinator: coordinator)
 856 | 

/Users/eric/vmlx-swift/RunBench/VLBench.swift:1126:9: warning: 'nonisolated(unsafe)' is unnecessary for a constant with 'Sendable' type 'ModelContext', consider removing it
1124 |         params.prefillStepSize = 512
1125 | 
1126 |         nonisolated(unsafe) let ctx = context
     |         `- warning: 'nonisolated(unsafe)' is unnecessary for a constant with 'Sendable' type 'ModelContext', consider removing it
1127 |         nonisolated(unsafe) let sendInput = lmInput
1128 |         let engine = BatchEngine(context: ctx, maxBatchSize: 1)

/Users/eric/vmlx-swift/RunBench/Bench.swift:4994:13: warning: default will never be executed
4992 |             case .length: bFinishReason = "length"
4993 |             case .cancelled: bFinishReason = "cancelled"
4994 |             default: bFinishReason = "other"
     |             `- warning: default will never be executed
4995 |             }
4996 |         }

/Users/eric/vmlx-swift/RunBench/Bench.swift:5228:17: warning: default will never be executed
5226 |                 case .length: finishReason = "length (max_tokens)"
5227 |                 case .cancelled: finishReason = "cancelled"
5228 |                 default: finishReason = "other"
     |                 `- warning: default will never be executed
5229 |                 }
5230 |                 if info.unclosedReasoning {

/Users/eric/vmlx-swift/RunBench/Bench.swift:5270:17: warning: default will never be executed
5268 |                 case .length: finishReason = "length (max_tokens)"
5269 |                 case .cancelled: finishReason = "cancelled"
5270 |                 default: finishReason = "other"
     |                 `- warning: default will never be executed
5271 |                 }
5272 |             }

/Users/eric/vmlx-swift/RunBench/Bench.swift:5432:17: warning: default will never be executed
5430 |                 case .length: result.finish = "length"
5431 |                 case .cancelled: result.finish = "cancelled"
5432 |                 default: result.finish = "other"
     |                 `- warning: default will never be executed
5433 |                 }
5434 |                 result.unclosedReasoning = info.unclosedReasoning

/Users/eric/vmlx-swift/RunBench/Bench.swift:5654:9: warning: default will never be executed
5652 |         case .length: return "length"
5653 |         case .cancelled: return "cancelled"
5654 |         default: return "other"
     |         `- warning: default will never be executed
5655 |         }
5656 |     }

[#DeprecatedDeclaration]: <https://docs.swift.org/compiler/documentation/diagnostics/deprecated-declaration>
[680/682] Write Objects.LinkFileList
[681/682] Linking RunBench
Build of product 'RunBench' complete! (186.49s)
[STDERR] Bench main() started

=== BENCH_NO_GUARD_SAMPLING — Ling-2.6-flash-JANGTQ2-CRACK ===
[Load] JANG shape walk produced 202 per-layer quant override(s) over default (bits=8, gs=64)
Load: 2.31s  Model: BailingHybridModel
Tool format: glm4
Reasoning stamp: deepseek_r1
Tokenizer BOS: <|startoftext|>

--- A_hi_greedy_no_rep ---
Prompt tokens: 20
Prompt tail: "<role>SYSTEM</role>detailed thinking off<|role_end|><role>HUMAN</role>say hi<|role_end|><role>ASSISTANT</role>"
Sampling: maxTokens=96 temp=0.000 topP=1.000 topK=0 minP=0.000 rep=nil enable_thinking=omitted
Result: stop=stop unclosedReasoning=NO genTokens=10 genSec=0.268 tokps=37.3 ttft_ms=392 textChars=35 reasoningChars=0 tools=0 loop=NO bosRepeats=0 leaks=none
First 400 visible: "Hi there! How can I help you today?"
Last 200 visible: "Hi there! How can I help you today?"

--- B_star_story_temp06_rep1_think_on ---
Prompt tokens: 29
Prompt tail: "<role>SYSTEM</role>detailed thinking on<|role_end|><role>HUMAN</role>tell me a 2-sentence story about a star<|role_end|><role>ASSISTANT</role>"
Sampling: maxTokens=256 temp=0.600 topP=1.000 topK=0 minP=0.000 rep=1.000 enable_thinking=true
Result: stop=stop unclosedReasoning=NO genTokens=47 genSec=1.255 tokps=37.5 ttft_ms=172 textChars=242 reasoningChars=0 tools=0 loop=NO bosRepeats=0 leaks=none
First 400 visible: "The star burned brightly for eons, faithfully broadcasting the sun's warmth to distant worlds that never knew its name. One day, it abruptly collapsed into a silent black hole, leaving its former planets to wander the cosmos in cold darkness."
Last 200 visible: "lly broadcasting the sun's warmth to distant worlds that never knew its name. One day, it abruptly collapsed into a silent black hole, leaving its former planets to wander the cosmos in cold darkness."

--- C_ling_russian_threejs_temp07 ---
Prompt tokens: 120
Prompt tail: " по лесу, стреляет из дробовика, а кабаны и лоси появляются как враги. Ответь по-русски структурировано в 5 пунктах; каждый пункт должен быть полным коротким предложением, без повторения одного слова или символа.<|role_end|><role>ASSISTANT</role>"
Sampling: maxTokens=420 temp=0.700 topP=1.000 topK=0 minP=0.000 rep=nil enable_thinking=false
Result: stop=stop unclosedReasoning=NO genTokens=111 genSec=2.914 tokps=38.1 ttft_ms=438 textChars=283 reasoningChars=0 tools=0 loop=NO bosRepeats=0 leaks=none
First 400 visible: "1. Сцена создаётся с травой, деревьями и небом.\n\n2. Игрок управляется бегом и стрельбой из дробовика.\n\n3. Враги включают кабанов и лосей, движущихся по маршруту.\n\n4. Кollision обнаруживает попадания, уменьшая здоровье врагов.\n\n5. Интерфейс показывает счёт, таймер и статус выживания."
Last 200 visible: "ьбой из дробовика.\n\n3. Враги включают кабанов и лосей, движущихся по маршруту.\n\n4. Кollision обнаруживает попадания, уменьшая здоровье врагов.\n\n5. Интерфейс показывает счёт, таймер и статус выживания."

=== BENCH_NO_GUARD_SAMPLING: passed ===
